<?xml version="1.0" encoding="UTF-8"?>
<!-- Generated by org.testng.reporters.JUnitReportReporter -->
<testsuite hostname="Ayman-Testing" failures="0" tests="1" name="Tests.FirstClass" time="0.005" errors="0" timestamp="2022-02-21T19:21:59 EET" skipped="0">
  <testcase classname="Tests.FirstClass" name="Drag" time="0.005"/>
</testsuite> <!-- Tests.FirstClass -->
